<?xml version="1.0" encoding="UTF-8"?>
<!-- Generated by org.testng.reporters.JUnitReportReporter -->
<testsuite hostname="DESKTOP-TQD0UK7" failures="0" tests="6" name="mvnpractice.Test2" time="0.044" errors="0" timestamp="2024-03-10T20:00:09 IST" skipped="0">
  <testcase classname="mvnpractice.Test2" name="demo2" time="0.010"/>
  <system-out/>
  <testcase classname="mvnpractice.Test2" name="demo4" time="0.011"/>
  <system-out/>
  <testcase classname="mvnpractice.Test2" name="demo5" time="0.012"/>
  <system-out/>
  <testcase classname="mvnpractice.Test2" name="demo3" time="0.004"/>
  <system-out/>
  <testcase classname="mvnpractice.Test2" name="demo6" time="0.002"/>
  <system-out/>
  <testcase classname="mvnpractice.Test2" name="demo1" time="0.005"/>
  <system-out/>
</testsuite> <!-- mvnpractice.Test2 -->
