<?xml version="1.0" encoding="UTF-8"?>
<!-- Generated by org.testng.reporters.JUnitReportReporter -->
<testsuite hostname="DESKTOP-TQD0UK7" failures="0" tests="6" name="mvnpractice.Test3" time="0.032" errors="0" timestamp="2024-03-10T20:00:09 IST" skipped="0">
  <testcase classname="mvnpractice.Test3" name="demo6" time="0.002"/>
  <system-out/>
  <testcase classname="mvnpractice.Test3" name="demo1" time="0.008"/>
  <system-out/>
  <testcase classname="mvnpractice.Test3" name="demo4" time="0.010"/>
  <system-out/>
  <testcase classname="mvnpractice.Test3" name="demo3" time="0.002"/>
  <system-out/>
  <testcase classname="mvnpractice.Test3" name="demo2" time="0.008"/>
  <system-out/>
  <testcase classname="mvnpractice.Test3" name="demo5" time="0.002"/>
  <system-out/>
</testsuite> <!-- mvnpractice.Test3 -->
